2024-02-26 11:52:23 [scrapy.utils.log] INFO: Scrapy 2.11.1 started (bot: dummy_project)
2024-02-26 11:52:23 [scrapy.utils.log] INFO: Versions: lxml 5.1.0.0, libxml2 2.12.3, cssselect 1.2.0, parsel 1.8.1, w3lib 2.1.2, Twisted 23.10.0, Python 3.10.12 (main, Nov 20 2023, 15:14:05) [GCC 11.4.0], pyOpenSSL 24.0.0 (OpenSSL 3.2.1 30 Jan 2024), cryptography 42.0.5, Platform Linux-5.15.133.1-microsoft-standard-WSL2-x86_64-with-glibc2.35
2024-02-26 11:52:23 [scrapy.addons] INFO: Enabled addons:
[]
2024-02-26 11:52:23 [asyncio] DEBUG: Using selector: EpollSelector
2024-02-26 11:52:23 [scrapy.utils.log] DEBUG: Using reactor: twisted.internet.asyncioreactor.AsyncioSelectorReactor
2024-02-26 11:52:23 [scrapy.utils.log] DEBUG: Using asyncio event loop: asyncio.unix_events._UnixSelectorEventLoop
2024-02-26 11:52:23 [scrapy.extensions.telnet] INFO: Telnet Password: 7ac3e4bb2964a4b6
2024-02-26 11:52:23 [scrapy.middleware] INFO: Enabled extensions:
['scrapy.extensions.corestats.CoreStats',
 'scrapy.extensions.telnet.TelnetConsole',
 'scrapy.extensions.memusage.MemoryUsage',
 'scrapy.extensions.logstats.LogStats']
2024-02-26 11:52:23 [scrapy.crawler] INFO: Overridden settings:
{'BOT_NAME': 'dummy_project',
 'FEED_EXPORT_ENCODING': 'utf-8',
 'LOG_FILE': 'logs/dummy_project/dummy/10612426d45211eeb0f85513c66e2f1c.log',
 'NEWSPIDER_MODULE': 'dummy_project.spiders',
 'REQUEST_FINGERPRINTER_IMPLEMENTATION': '2.7',
 'ROBOTSTXT_OBEY': True,
 'SPIDER_MODULES': ['dummy_project.spiders'],
 'TWISTED_REACTOR': 'twisted.internet.asyncioreactor.AsyncioSelectorReactor'}
2024-02-26 11:52:23 [scrapy.middleware] INFO: Enabled downloader middlewares:
['scrapy.downloadermiddlewares.robotstxt.RobotsTxtMiddleware',
 'scrapy.downloadermiddlewares.httpauth.HttpAuthMiddleware',
 'scrapy.downloadermiddlewares.downloadtimeout.DownloadTimeoutMiddleware',
 'scrapy.downloadermiddlewares.defaultheaders.DefaultHeadersMiddleware',
 'scrapy.downloadermiddlewares.useragent.UserAgentMiddleware',
 'scrapy.downloadermiddlewares.retry.RetryMiddleware',
 'scrapy.downloadermiddlewares.redirect.MetaRefreshMiddleware',
 'scrapy.downloadermiddlewares.httpcompression.HttpCompressionMiddleware',
 'scrapy.downloadermiddlewares.redirect.RedirectMiddleware',
 'scrapy.downloadermiddlewares.cookies.CookiesMiddleware',
 'scrapy.downloadermiddlewares.httpproxy.HttpProxyMiddleware',
 'scrapy.downloadermiddlewares.stats.DownloaderStats']
2024-02-26 11:52:23 [scrapy.middleware] INFO: Enabled spider middlewares:
['scrapy.spidermiddlewares.httperror.HttpErrorMiddleware',
 'scrapy.spidermiddlewares.offsite.OffsiteMiddleware',
 'scrapy.spidermiddlewares.referer.RefererMiddleware',
 'scrapy.spidermiddlewares.urllength.UrlLengthMiddleware',
 'scrapy.spidermiddlewares.depth.DepthMiddleware']
2024-02-26 11:52:23 [scrapy.middleware] INFO: Enabled item pipelines:
['dummy_project.pipelines.CsvPipeline']
2024-02-26 11:52:23 [scrapy.core.engine] INFO: Spider opened
2024-02-26 11:52:23 [scrapy.extensions.logstats] INFO: Crawled 0 pages (at 0 pages/min), scraped 0 items (at 0 items/min)
2024-02-26 11:52:23 [scrapy.extensions.telnet] INFO: Telnet console listening on 127.0.0.1:6023
2024-02-26 11:52:24 [scrapy.core.engine] DEBUG: Crawled (404) <GET https://pogo.indigodata.co.jp/robots.txt> (referer: None)
2024-02-26 11:52:24 [protego] DEBUG: Rule at line 2 without any user agent to enforce it on.
2024-02-26 11:52:24 [protego] DEBUG: Rule at line 11 without any user agent to enforce it on.
2024-02-26 11:52:24 [protego] DEBUG: Rule at line 12 without any user agent to enforce it on.
2024-02-26 11:52:24 [scrapy.downloadermiddlewares.redirect] DEBUG: Redirecting (302) to <GET https://pogo.indigodata.co.jp/login/> from <GET https://pogo.indigodata.co.jp/>
2024-02-26 11:52:24 [scrapy.core.engine] DEBUG: Crawled (200) <GET https://pogo.indigodata.co.jp/login/> (referer: None)
2024-02-26 11:52:34 [scrapy.core.scraper] DEBUG: Scraped from <200 https://pogo.indigodata.co.jp/login/>
{'name': 'evilpotato'}
2024-02-26 11:52:34 [scrapy.core.engine] INFO: Closing spider (finished)
2024-02-26 11:52:34 [scrapy.statscollectors] INFO: Dumping Scrapy stats:
{'downloader/request_bytes': 682,
 'downloader/request_count': 3,
 'downloader/request_method_count/GET': 3,
 'downloader/response_bytes': 3694,
 'downloader/response_count': 3,
 'downloader/response_status_count/200': 1,
 'downloader/response_status_count/302': 1,
 'downloader/response_status_count/404': 1,
 'elapsed_time_seconds': 11.339428,
 'finish_reason': 'finished',
 'finish_time': datetime.datetime(2024, 2, 26, 2, 52, 34, 998638, tzinfo=datetime.timezone.utc),
 'httpcompression/response_bytes': 5612,
 'httpcompression/response_count': 2,
 'item_scraped_count': 1,
 'log_count/DEBUG': 10,
 'log_count/INFO': 10,
 'memusage/max': 64761856,
 'memusage/startup': 64761856,
 'response_received_count': 2,
 'robotstxt/request_count': 1,
 'robotstxt/response_count': 1,
 'robotstxt/response_status_count/404': 1,
 'scheduler/dequeued': 2,
 'scheduler/dequeued/memory': 2,
 'scheduler/enqueued': 2,
 'scheduler/enqueued/memory': 2,
 'start_time': datetime.datetime(2024, 2, 26, 2, 52, 23, 659210, tzinfo=datetime.timezone.utc)}
2024-02-26 11:52:34 [scrapy.core.engine] INFO: Spider closed (finished)
